Using pre-set license
Built from '2022.3/staging' branch; Version is '2022.3.11f1 (d00248457e15) revision 13632072'; Using compiler version '192829333'; Build Type 'Release'
OS: 'Windows 11  (10.0.22621) 64bit CoreSingleLanguage' Language: 'en' Physical Memory: 14188 MB
BatchMode: 1, IsHumanControllingUs: 0, StartBugReporterOnCrash: 0, Is64bit: 1, IsPro: 1

COMMAND LINE ARGUMENTS:
C:\Program Files\Unity\Hub\Editor\2022.3.11f1\Editor\Unity.exe
-adb2
-batchMode
-noUpm
-name
AssetImportWorker0
-projectPath
D:/UNITY/week8BasicGame3D
-logFile
Logs/AssetImportWorker0.log
-srvPort
59515
Successfully changed project path to: D:/UNITY/week8BasicGame3D
D:/UNITY/week8BasicGame3D
[UnityMemory] Configuration Parameters - Can be set up in boot.config
    "memorysetup-bucket-allocator-granularity=16"
    "memorysetup-bucket-allocator-bucket-count=8"
    "memorysetup-bucket-allocator-block-size=33554432"
    "memorysetup-bucket-allocator-block-count=8"
    "memorysetup-main-allocator-block-size=16777216"
    "memorysetup-thread-allocator-block-size=16777216"
    "memorysetup-gfx-main-allocator-block-size=16777216"
    "memorysetup-gfx-thread-allocator-block-size=16777216"
    "memorysetup-cache-allocator-block-size=4194304"
    "memorysetup-typetree-allocator-block-size=2097152"
    "memorysetup-profiler-bucket-allocator-granularity=16"
    "memorysetup-profiler-bucket-allocator-bucket-count=8"
    "memorysetup-profiler-bucket-allocator-block-size=33554432"
    "memorysetup-profiler-bucket-allocator-block-count=8"
    "memorysetup-profiler-allocator-block-size=16777216"
    "memorysetup-profiler-editor-allocator-block-size=1048576"
    "memorysetup-temp-allocator-size-main=16777216"
    "memorysetup-job-temp-allocator-block-size=2097152"
    "memorysetup-job-temp-allocator-block-size-background=1048576"
    "memorysetup-job-temp-allocator-reduction-small-platforms=262144"
    "memorysetup-allocator-temp-initial-block-size-main=262144"
    "memorysetup-allocator-temp-initial-block-size-worker=262144"
    "memorysetup-temp-allocator-size-background-worker=32768"
    "memorysetup-temp-allocator-size-job-worker=262144"
    "memorysetup-temp-allocator-size-preload-manager=33554432"
    "memorysetup-temp-allocator-size-nav-mesh-worker=65536"
    "memorysetup-temp-allocator-size-audio-worker=65536"
    "memorysetup-temp-allocator-size-cloud-worker=32768"
    "memorysetup-temp-allocator-size-gi-baking-worker=262144"
    "memorysetup-temp-allocator-size-gfx=262144"
Player connection [22768] Host "[IP] 10.0.1.55 [Port] 0 [Flags] 2 [Guid] 2091981382 [EditorId] 2091981382 [Version] 1048832 [Id] WindowsEditor(7,LAPTOP-FTEFA3M1) [Debug] 1 [PackageName] WindowsEditor [ProjectName] Editor" joined multi-casting on [225.0.0.222:54997]...

Player connection [22768] Host "[IP] 10.0.1.55 [Port] 0 [Flags] 2 [Guid] 2091981382 [EditorId] 2091981382 [Version] 1048832 [Id] WindowsEditor(7,LAPTOP-FTEFA3M1) [Debug] 1 [PackageName] WindowsEditor [ProjectName] Editor" joined alternative multi-casting on [225.0.0.222:34997]...

[Physics::Module] Initialized MultithreadedJobDispatcher with 11 workers.
Refreshing native plugins compatible for Editor in 6.57 ms, found 3 plugins.
Preloading 0 native plugins for Editor in 0.00 ms.
Initialize engine version: 2022.3.11f1 (d00248457e15)
[Subsystems] Discovering subsystems at path C:/Program Files/Unity/Hub/Editor/2022.3.11f1/Editor/Data/Resources/UnitySubsystems
[Subsystems] Discovering subsystems at path D:/UNITY/week8BasicGame3D/Assets
GfxDevice: creating device client; threaded=0; jobified=0
Direct3D:
    Version:  Direct3D 11.0 [level 11.1]
    Renderer: NVIDIA GeForce RTX 3050 Ti Laptop GPU (ID=0x25a0)
    Vendor:   NVIDIA
    VRAM:     3978 MB
    Driver:   31.0.15.3197
Initialize mono
Mono path[0] = 'C:/Program Files/Unity/Hub/Editor/2022.3.11f1/Editor/Data/Managed'
Mono path[1] = 'C:/Program Files/Unity/Hub/Editor/2022.3.11f1/Editor/Data/MonoBleedingEdge/lib/mono/unityjit-win32'
Mono config path = 'C:/Program Files/Unity/Hub/Editor/2022.3.11f1/Editor/Data/MonoBleedingEdge/etc'
Using monoOptions --debugger-agent=transport=dt_socket,embedding=1,server=y,suspend=n,address=127.0.0.1:56840
Begin MonoManager ReloadAssembly
Registering precompiled unity dll's ...
Register platform support module: C:/Program Files/Unity/Hub/Editor/2022.3.11f1/Editor/Data/PlaybackEngines/WindowsStandaloneSupport/UnityEditor.WindowsStandalone.Extensions.dll
Registered in 0.006746 seconds.
- Loaded All Assemblies, in  0.384 seconds
Native extension for WindowsStandalone target not found
Mono: successfully reloaded assembly
- Finished resetting the current domain, in  0.241 seconds
Domain Reload Profiling: 622ms
	BeginReloadAssembly (137ms)
		ExecutionOrderSort (0ms)
		DisableScriptedObjects (0ms)
		BackupInstance (0ms)
		ReleaseScriptingObjects (0ms)
		CreateAndSetChildDomain (1ms)
	RebuildCommonClasses (41ms)
	RebuildNativeTypeToScriptingClass (13ms)
	initialDomainReloadingComplete (59ms)
	LoadAllAssembliesAndSetupDomain (130ms)
		LoadAssemblies (132ms)
		RebuildTransferFunctionScriptingTraits (0ms)
		AnalyzeDomain (129ms)
			TypeCache.Refresh (127ms)
				TypeCache.ScanAssembly (114ms)
			ScanForSourceGeneratedMonoScriptInfo (0ms)
			ResolveRequiredComponents (0ms)
	FinalizeReload (241ms)
		ReleaseScriptCaches (0ms)
		RebuildScriptCaches (0ms)
		SetupLoadedEditorAssemblies (187ms)
			LogAssemblyErrors (0ms)
			InitializePlatformSupportModulesInManaged (9ms)
			SetLoadedEditorAssemblies (7ms)
			RefreshPlugins (0ms)
			BeforeProcessingInitializeOnLoad (2ms)
			ProcessInitializeOnLoadAttributes (129ms)
			ProcessInitializeOnLoadMethodAttributes (41ms)
			AfterProcessingInitializeOnLoad (0ms)
			EditorAssembliesLoaded (0ms)
		ExecutionOrderSort2 (0ms)
		AwakeInstancesAfterBackupRestoration (0ms)
========================================================================
Worker process is ready to serve import requests
Begin MonoManager ReloadAssembly
- Loaded All Assemblies, in  0.652 seconds
Refreshing native plugins compatible for Editor in 2.36 ms, found 3 plugins.
Native extension for WindowsStandalone target not found
Package Manager log level set to [2]
[Package Manager] Server::EnsureServerProcessIsRunning -- launch failed, reason: Unity was launched with the -noUpm command-line argument
[Package Manager] UpmClient::Send -- Unable to send message (not connected to UPM process).
[Package Manager] Cannot connect to Unity Package Manager local server
Mono: successfully reloaded assembly
- Finished resetting the current domain, in  0.556 seconds
Domain Reload Profiling: 1204ms
	BeginReloadAssembly (157ms)
		ExecutionOrderSort (0ms)
		DisableScriptedObjects (5ms)
		BackupInstance (0ms)
		ReleaseScriptingObjects (0ms)
		CreateAndSetChildDomain (20ms)
	RebuildCommonClasses (33ms)
	RebuildNativeTypeToScriptingClass (14ms)
	initialDomainReloadingComplete (48ms)
	LoadAllAssembliesAndSetupDomain (395ms)
		LoadAssemblies (314ms)
		RebuildTransferFunctionScriptingTraits (0ms)
		AnalyzeDomain (178ms)
			TypeCache.Refresh (161ms)
				TypeCache.ScanAssembly (147ms)
			ScanForSourceGeneratedMonoScriptInfo (13ms)
			ResolveRequiredComponents (3ms)
	FinalizeReload (556ms)
		ReleaseScriptCaches (0ms)
		RebuildScriptCaches (0ms)
		SetupLoadedEditorAssemblies (411ms)
			LogAssemblyErrors (0ms)
			InitializePlatformSupportModulesInManaged (5ms)
			SetLoadedEditorAssemblies (4ms)
			RefreshPlugins (0ms)
			BeforeProcessingInitializeOnLoad (61ms)
			ProcessInitializeOnLoadAttributes (310ms)
			ProcessInitializeOnLoadMethodAttributes (18ms)
			AfterProcessingInitializeOnLoad (13ms)
			EditorAssembliesLoaded (0ms)
		ExecutionOrderSort2 (0ms)
		AwakeInstancesAfterBackupRestoration (7ms)
Launched and connected shader compiler UnityShaderCompiler.exe after 0.06 seconds
Refreshing native plugins compatible for Editor in 3.18 ms, found 3 plugins.
Preloading 0 native plugins for Editor in 0.00 ms.
Unloading 3081 Unused Serialized files (Serialized files now loaded: 0)
Unloading 32 unused Assets / (56.8 KB). Loaded Objects now: 3542.
Memory consumption went from 120.7 MB to 120.6 MB.
Total: 5.143200 ms (FindLiveObjects: 0.472100 ms CreateObjectMapping: 0.124000 ms MarkObjects: 4.410400 ms  DeleteObjects: 0.134700 ms)

AssetImportParameters requested are different than current active one (requested -> active):
  custom:container-demuxer-ogg: 62fdf1f143b41e24485cea50d1cbac27 -> 
  custom:video-codec-MediaFoundation-h265: 746d11721c4dcdbdad8f713fa42b33f4 -> 
  custom:video-decoder-ogg-theora: a1e56fd34408186e4bbccfd4996cb3dc -> 
  custom:framework-win-MediaFoundation: 216162199b28c13a410421893ffa2e32 -> 
  custom:CustomObjectIndexerAttribute: 756ad292c208cfabdd7b50bc23989ffe -> 
  custom:container-demuxer-webm: 4f35f7cbe854078d1ac9338744f61a02 -> 
  custom:container-muxer-webm: aa71ff27fc2769a1b78a27578f13a17b -> 
  custom:video-decoder-webm-vp8: 9c59270c3fd7afecdb556c50c9e8de78 -> 
  custom:SearchIndexIgnoredProperties: e643bd26f0fe6173181afceb89e7c659 -> 
  custom:AudioImporter_EditorPlatform: d09bf68614088b80899f8185d706f6e7 -> 
  custom:video-encoder-webm-vp8: eb34c28f22e8b96e1ab97ce403110664 -> 
  custom:audio-decoder-ogg-vorbis: bf7c407c2cedff20999df2af8eb42d56 -> 
  custom:audio-encoder-webm-vorbis: bf7c407c2cedff20999df2af8eb42d56 -> 
========================================================================
Received Import Request.
  Time since last request: 1042990.435601 seconds.
  path: Assets/ModularLowpolyStreetsFree
  artifactKey: Guid(60e8425c223405d459b2243b6e07828d) Importer(815301076,1909f56bfc062723c751e8b465ee728b)
Start importing Assets/ModularLowpolyStreetsFree using Guid(60e8425c223405d459b2243b6e07828d) Importer(815301076,1909f56bfc062723c751e8b465ee728b)  -> (artifact id: '5a36d3ce1df80b552dcb18e006171898') in 0.002464 seconds
Number of updated asset objects reloaded before import = 0
Number of asset objects unloaded after import = 0
========================================================================
Received Import Request.
  Time since last request: 1.305481 seconds.
  path: Assets/ModularLowpolyStreetsFree/FBX
  artifactKey: Guid(1bceb3a02d7d3914c8716ce87803e0ba) Importer(815301076,1909f56bfc062723c751e8b465ee728b)
Start importing Assets/ModularLowpolyStreetsFree/FBX using Guid(1bceb3a02d7d3914c8716ce87803e0ba) Importer(815301076,1909f56bfc062723c751e8b465ee728b)  -> (artifact id: '6a269c9f4c0bda6f578e0b17c75558b4') in 0.000647 seconds
Number of updated asset objects reloaded before import = 0
Number of asset objects unloaded after import = 0
========================================================================
Received Import Request.
  Time since last request: 0.044166 seconds.
  path: Assets/ModularLowpolyStreetsFree/FBX/Bench.fbx
  artifactKey: Guid(19f535191901b8f4cadc26f7ebcff86a) Importer(815301076,1909f56bfc062723c751e8b465ee728b)
Start importing Assets/ModularLowpolyStreetsFree/FBX/Bench.fbx using Guid(19f535191901b8f4cadc26f7ebcff86a) Importer(815301076,1909f56bfc062723c751e8b465ee728b)  -> (artifact id: '71509ccb825e36f2a1b6b92dddbb4b48') in 0.666891 seconds
Number of updated asset objects reloaded before import = 0
Number of asset objects unloaded after import = 19
========================================================================
Received Import Request.
  Time since last request: 0.000034 seconds.
  path: Assets/ModularLowpolyStreetsFree/FBX/Poles.fbx
  artifactKey: Guid(4b30a538401fa8c4f81f8aacda48f9e1) Importer(815301076,1909f56bfc062723c751e8b465ee728b)
Start importing Assets/ModularLowpolyStreetsFree/FBX/Poles.fbx using Guid(4b30a538401fa8c4f81f8aacda48f9e1) Importer(815301076,1909f56bfc062723c751e8b465ee728b)  -> (artifact id: '7d6b94a3d713cdc912170e6a99e09edd') in 0.490957 seconds
Number of updated asset objects reloaded before import = 0
Number of asset objects unloaded after import = 36
========================================================================
Received Import Request.
  Time since last request: 0.000029 seconds.
  path: Assets/ModularLowpolyStreetsFree/FBX/TrafficLights.fbx
  artifactKey: Guid(116fe633af9b7dc4a81956394e891e60) Importer(815301076,1909f56bfc062723c751e8b465ee728b)
Start importing Assets/ModularLowpolyStreetsFree/FBX/TrafficLights.fbx using Guid(116fe633af9b7dc4a81956394e891e60) Importer(815301076,1909f56bfc062723c751e8b465ee728b)  -> (artifact id: 'c017fe348912e603d30e97642cf996aa') in 0.199501 seconds
Number of updated asset objects reloaded before import = 0
Number of asset objects unloaded after import = 42
========================================================================
Received Import Request.
  Time since last request: 7.941407 seconds.
  path: Assets/ModularLowpolyStreetsFree/Materials/Other/Cafe-chair-1.mat
  artifactKey: Guid(a9d75633b554b0f42ad144d5f0336e2b) Importer(815301076,1909f56bfc062723c751e8b465ee728b)
Start importing Assets/ModularLowpolyStreetsFree/Materials/Other/Cafe-chair-1.mat using Guid(a9d75633b554b0f42ad144d5f0336e2b) Importer(815301076,1909f56bfc062723c751e8b465ee728b)  -> (artifact id: 'adb37ea066fc3f2c8a7fc484ef566067') in 0.036407 seconds
Number of updated asset objects reloaded before import = 0
Number of asset objects unloaded after import = 4
========================================================================
Received Import Request.
  Time since last request: 0.000023 seconds.
  path: Assets/ModularLowpolyStreetsFree/Materials/Other/Traffic-light-EU.mat
  artifactKey: Guid(abdc300c96ba8ee4698ad53975b2ddd9) Importer(815301076,1909f56bfc062723c751e8b465ee728b)
Start importing Assets/ModularLowpolyStreetsFree/Materials/Other/Traffic-light-EU.mat using Guid(abdc300c96ba8ee4698ad53975b2ddd9) Importer(815301076,1909f56bfc062723c751e8b465ee728b)  -> (artifact id: '2fe0a4904b1eda1a98a349072d3b910f') in 0.020764 seconds
Number of updated asset objects reloaded before import = 0
Number of asset objects unloaded after import = 5
========================================================================
Received Import Request.
  Time since last request: 0.000028 seconds.
  path: Assets/ModularLowpolyStreetsFree/Materials/Other/Tree-area-1.mat
  artifactKey: Guid(965261c5d0adae54c9845f2569fb56db) Importer(815301076,1909f56bfc062723c751e8b465ee728b)
Start importing Assets/ModularLowpolyStreetsFree/Materials/Other/Tree-area-1.mat using Guid(965261c5d0adae54c9845f2569fb56db) Importer(815301076,1909f56bfc062723c751e8b465ee728b)  -> (artifact id: '9ecf82d7db57cf8e8a3082f47d9d9c94') in 0.018329 seconds
Number of updated asset objects reloaded before import = 0
Number of asset objects unloaded after import = 3
========================================================================
Received Import Request.
  Time since last request: 0.000017 seconds.
  path: Assets/ModularLowpolyStreetsFree/Materials/Other/Traffic-cone.mat
  artifactKey: Guid(7836fe20ca29307408fffe453e5c30fa) Importer(815301076,1909f56bfc062723c751e8b465ee728b)
Start importing Assets/ModularLowpolyStreetsFree/Materials/Other/Traffic-cone.mat using Guid(7836fe20ca29307408fffe453e5c30fa) Importer(815301076,1909f56bfc062723c751e8b465ee728b)  -> (artifact id: '45603fc9741040bcd574f27073b44a39') in 0.018734 seconds
Number of updated asset objects reloaded before import = 0
Number of asset objects unloaded after import = 4
========================================================================
Received Import Request.
  Time since last request: 0.000022 seconds.
  path: Assets/ModularLowpolyStreetsFree/Materials/Other/Traffic-light-EU-light.mat
  artifactKey: Guid(2f2fc0768c223304a98f72a08aae9261) Importer(815301076,1909f56bfc062723c751e8b465ee728b)
Start importing Assets/ModularLowpolyStreetsFree/Materials/Other/Traffic-light-EU-light.mat using Guid(2f2fc0768c223304a98f72a08aae9261) Importer(815301076,1909f56bfc062723c751e8b465ee728b)  -> (artifact id: '22a33cfd484d12d82ac8035ae4053279') in 0.015332 seconds
Number of updated asset objects reloaded before import = 0
Number of asset objects unloaded after import = 3
========================================================================
Received Import Request.
  Time since last request: 0.000026 seconds.
  path: Assets/ModularLowpolyStreetsFree/Materials/Other/Pole-light.mat
  artifactKey: Guid(8b7309a6c788b664681a337f9101337e) Importer(815301076,1909f56bfc062723c751e8b465ee728b)
Start importing Assets/ModularLowpolyStreetsFree/Materials/Other/Pole-light.mat using Guid(8b7309a6c788b664681a337f9101337e) Importer(815301076,1909f56bfc062723c751e8b465ee728b)  -> (artifact id: '226a51f43f9b5e676ced090e60a1ca86') in 0.019082 seconds
Number of updated asset objects reloaded before import = 0
Number of asset objects unloaded after import = 4
========================================================================
Received Import Request.
  Time since last request: 0.000017 seconds.
  path: Assets/ModularLowpolyStreetsFree/Materials/Other/Pole1.mat
  artifactKey: Guid(8654194a4a9755d4aa0bd32d6fe0cd4c) Importer(815301076,1909f56bfc062723c751e8b465ee728b)
Start importing Assets/ModularLowpolyStreetsFree/Materials/Other/Pole1.mat using Guid(8654194a4a9755d4aa0bd32d6fe0cd4c) Importer(815301076,1909f56bfc062723c751e8b465ee728b)  -> (artifact id: 'c9c451f44927aeb7b57b1bc1ec105cb3') in 0.014864 seconds
Number of updated asset objects reloaded before import = 0
Number of asset objects unloaded after import = 4
========================================================================
Received Import Request.
  Time since last request: 6.392509 seconds.
  path: Assets/ModularLowpolyStreetsFree/Prefabs/Complex/Crossroads_2.prefab
  artifactKey: Guid(8f352fc1555608546b47a1dd0630ba96) Importer(815301076,1909f56bfc062723c751e8b465ee728b)
Start importing Assets/ModularLowpolyStreetsFree/Prefabs/Complex/Crossroads_2.prefab using Guid(8f352fc1555608546b47a1dd0630ba96) Importer(815301076,1909f56bfc062723c751e8b465ee728b)  -> (artifact id: 'b20ccd65d5802e73fd043c055da951a6') in 0.084338 seconds
Number of updated asset objects reloaded before import = 0
Number of asset objects unloaded after import = 666
========================================================================
Received Import Request.
  Time since last request: 0.000030 seconds.
  path: Assets/ModularLowpolyStreetsFree/Prefabs/Complex/Road_1_line_5m.prefab
  artifactKey: Guid(105ea11a9af6f324fad068c4b2021ed4) Importer(815301076,1909f56bfc062723c751e8b465ee728b)
Start importing Assets/ModularLowpolyStreetsFree/Prefabs/Complex/Road_1_line_5m.prefab using Guid(105ea11a9af6f324fad068c4b2021ed4) Importer(815301076,1909f56bfc062723c751e8b465ee728b)  -> (artifact id: '2c7c48f6656a259ace3327272c71a242') in 0.047678 seconds
Number of updated asset objects reloaded before import = 0
Number of asset objects unloaded after import = 210
========================================================================
Received Import Request.
  Time since last request: 0.000030 seconds.
  path: Assets/ModularLowpolyStreetsFree/Prefabs/Complex/Road_1_line_10m.prefab
  artifactKey: Guid(4563cd8ca3d35de49ab2f8b59f8f2f0e) Importer(815301076,1909f56bfc062723c751e8b465ee728b)
Start importing Assets/ModularLowpolyStreetsFree/Prefabs/Complex/Road_1_line_10m.prefab using Guid(4563cd8ca3d35de49ab2f8b59f8f2f0e) Importer(815301076,1909f56bfc062723c751e8b465ee728b)  -> (artifact id: 'e69e10783c27eb5bb2da65f0a0c92e57') in 0.057205 seconds
Number of updated asset objects reloaded before import = 0
Number of asset objects unloaded after import = 371
========================================================================
Received Import Request.
  Time since last request: 0.000027 seconds.
  path: Assets/ModularLowpolyStreetsFree/Prefabs/Complex/Road_turn.prefab
  artifactKey: Guid(a70b9db4c9ca9454483179f178e4aeee) Importer(815301076,1909f56bfc062723c751e8b465ee728b)
Start importing Assets/ModularLowpolyStreetsFree/Prefabs/Complex/Road_turn.prefab using Guid(a70b9db4c9ca9454483179f178e4aeee) Importer(815301076,1909f56bfc062723c751e8b465ee728b)  -> (artifact id: 'e6180629ce0a4637e96aa7ec9999fdde') in 0.058029 seconds
Number of updated asset objects reloaded before import = 0
Number of asset objects unloaded after import = 251
Editor requested this worker to shutdown with reason: Scaling down because of idle timeout
TcpMessagingSession - receive error: operation aborted. errorcode: 995, details: The I/O operation has been aborted because of either a thread exit or an application request.
AssetImportWorker is now disconnected from the server
Process exiting
Exiting without the bug reporter. Application will terminate with return code 0